<html>
<head>
<title>TestNG:  Default test</title>
<link href="../testng.css" rel="stylesheet" type="text/css" />
<link href="../my-testng.css" rel="stylesheet" type="text/css" />

<style type="text/css">
.log { display: none;} 
.stack-trace { display: none;} 
</style>
<script type="text/javascript">
<!--
function flip(e) {
  current = e.style.display;
  if (current == 'block') {
    e.style.display = 'none';
    return 0;
  }
  else {
    e.style.display = 'block';
    return 1;
  }
}

function toggleBox(szDivId, elem, msg1, msg2)
{
  var res = -1;  if (document.getElementById) {
    res = flip(document.getElementById(szDivId));
  }
  else if (document.all) {
    // this is the way old msie versions work
    res = flip(document.all[szDivId]);
  }
  if(elem) {
    if(res == 0) elem.innerHTML = msg1; else elem.innerHTML = msg2;
  }

}

function toggleAllBoxes() {
  if (document.getElementsByTagName) {
    d = document.getElementsByTagName('div');
    for (i = 0; i < d.length; i++) {
      if (d[i].className == 'log') {
        flip(d[i]);
      }
    }
  }
}

// -->
</script>

</head>
<body>
<h2 align='center'>Default test</h2><table border='1' align="center">
<tr>
<td>Tests passed/Failed/Skipped:</td><td>63/2/0</td>
</tr><tr>
<td>Started on:</td><td>Thu Jun 15 22:09:04 IST 2023</td>
</tr>
<tr><td>Total time:</td><td>8234 seconds (8234628 ms)</td>
</tr><tr>
<td>Included groups:</td><td></td>
</tr><tr>
<td>Excluded groups:</td><td></td>
</tr>
</table><p/>
<small><i>(Hover the method name to see the test class name)</i></small><p/>
<table width='100%' border='1' class='invocation-failed'>
<tr><td colspan='4' align='center'><b>FAILED TESTS</b></td></tr>
<tr><td><b>Test method</b></td>
<td width="30%"><b>Exception</b></td>
<td width="10%"><b>Time (seconds)</b></td>
<td><b>Instance</b></td>
</tr>
<tr>
<td title='cfo.Mgmt.DetailedReportReOpen()'><b>DetailedReportReOpen</b><br>Test class: cfo.Mgmt</td>
<td><div><pre>org.openqa.selenium.TimeoutException: Expected condition failed: waiting for presence of element located by: By.xpath: //*[@id=&apos;grid&apos;]/div[2]/table/tbody/tr[1]/td/a[2] (tried for 120 second(s) with 500 milliseconds interval)
	at org.openqa.selenium.support.ui.WebDriverWait.timeoutException(WebDriverWait.java:95)
	at org.openqa.selenium.support.ui.FluentWait.until(FluentWait.java:272)
	at cfo.CFOcountPOM.DetailedReportReOpen(CFOcountPOM.java:5977)
	at cfo.Mgmt.DetailedReportReOpen(Mgmt.java:3699)
	at java.base/jdk.internal.reflect.NativeMethodAccessorImpl.invoke0(Native Method)
	at java.base/jdk.internal.reflect.NativeMethodAccessorImpl.invoke(NativeMethodAccessorImpl.java:77)
	at java.base/jdk.internal.reflect.DelegatingMethodAccessorImpl.invoke(DelegatingMethodAccessorImpl.java:43)
	at java.base/java.lang.reflect.Method.invoke(Method.java:568)
	at org.testng.internal.MethodInvocationHelper.invokeMethod(MethodInvocationHelper.java:133)
	at org.testng.internal.TestInvoker.invokeMethod(TestInvoker.java:598)
	at org.testng.internal.TestInvoker.invokeTestMethod(TestInvoker.java:173)
	at org.testng.internal.MethodRunner.runInSequence(MethodRunner.java:46)
	at org.testng.internal.TestInvoker$MethodInvocationAgent.invoke(TestInvoker.java:824)
	at org.testng.internal.TestInvoker.invokeTestMethods(TestInvoker.java:146)
	at org.testng.internal.TestMethodWorker.invokeTestMethods(TestMethodWorker.java:146)
	at org.testng.internal.TestMethodWorker.run(TestMethodWorker.java:128)
	at java.base/java.util.ArrayList.forEach(ArrayList.java:1511)
	at org.testng.TestRunner.privateRun(TestRunner.java:794)
	at org.testng.TestRunner.run(TestRunner.java:596)
	at org.testng.SuiteRunner.runTest(SuiteRunner.java:377)
	at org.testng.SuiteRunner.runSequentially(SuiteRunner.java:371)
	at org.testng.SuiteRunner.privateRun(SuiteRunner.java:332)
	at org.testng.SuiteRunner.run(SuiteRunner.java:276)
	at org.testng.SuiteRunnerWorker.runSuite(SuiteRunnerWorker.java:53)
	at org.testng.SuiteRunnerWorker.run(SuiteRunnerWorker.java:96)
	at org.testng.TestNG.runSuitesSequentially(TestNG.java:1212)
	at org.testng.TestNG.runSuitesLocally(TestNG.java:1134)
	at org.testng.TestNG.runSuites(TestNG.java:1063)
	at org.testng.TestNG.run(TestNG.java:1031)
	at org.testng.remote.AbstractRemoteTestNG.run(AbstractRemoteTestNG.java:115)
	at org.testng.remote.RemoteTestNG.initAndRun(RemoteTestNG.java:251)
	at org.testng.remote.RemoteTestNG.main(RemoteTestNG.java:77)
Caused by: org.openqa.selenium.NoSuchElementException: no such element: Unable to locate element: {&quot;method&quot;:&quot;xpath&quot;,&quot;selector&quot;:&quot;//*[@id=&apos;grid&apos;]/div[2]/table/tbody/tr[1]/td/a[2]&quot;}
  (Session info: chrome=114.0.5735.133)
For documentation on this error, please visit: http://seleniumhq.org/exceptions/no_such_element.html
Build info: version: &apos;3.141.0&apos;, revision: &apos;2ecb7d9a&apos;, time: &apos;2018-10-31T20:09:30&apos;
System info: host: &apos;DESKTOP-7MK4EF7&apos;, ip: &apos;192.168.1.2&apos;, os.name: &apos;Windows 10&apos;, os.arch: &apos;amd64&apos;, os.version: &apos;10.0&apos;, java.version: &apos;17.0.5&apos;
Driver info: org.openqa.selenium.chrome.ChromeDriver
Capabilities {acceptInsecureCerts: false, browserName: chrome, browserVersion: 114.0.5735.133, chrome: {chromedriverVersion: 113.0.5672.63 (0e1a4471d5ae..., userDataDir: C:\Users\Mayuri\AppData\Loc...}, goog:chromeOptions: {debuggerAddress: localhost:62830}, javascriptEnabled: true, networkConnectionEnabled: false, pageLoadStrategy: normal, platform: WINDOWS, platformName: WINDOWS, proxy: Proxy(), setWindowRect: true, strictFileInteractability: false, timeouts: {implicit: 0, pageLoad: 300000, script: 30000}, unhandledPromptBehavior: dismiss and notify, webauthn:extension:credBlob: true, webauthn:extension:largeBlob: true, webauthn:extension:minPinLength: true, webauthn:extension:prf: true, webauthn:virtualAuthenticators: true}
Session ID: 147bbae90cbb6cfc1d9ca5416e976b00
*** Element info: {Using=xpath, value=//*[@id=&apos;grid&apos;]/div[2]/table/tbody/tr[1]/td/a[2]}
	at jdk.internal.reflect.GeneratedConstructorAccessor29.newInstance(Unknown Source)
	at java.base/jdk.internal.reflect.DelegatingConstructorAccessorImpl.newInstance(DelegatingConstructorAccessorImpl.java:45)
	at java.base/java.lang.reflect.Constructor.newInstanceWithCaller(Constructor.java:499)
	at java.base/java.lang.reflect.Constructor.newInstance(Constructor.java:480)
	at org.openqa.selenium.remote.http.W3CHttpResponseCodec.createException(W3CHttpResponseCodec.java:187)
	at org.openqa.selenium.remote.http.W3CHttpResponseCodec.decode(W3CHttpResponseCodec.java:122)
	at org.openqa.selenium.remote.http.W3CHttpResponseCodec.decode(W3CHttpResponseCodec.java:49)
	at org.openqa.selenium.remote.HttpCommandExecutor.execute(HttpCommandExecutor.java:158)
	at org.openqa.selenium.remote.service.DriverCommandExecutor.execute(DriverCommandExecutor.java:83)
	at org.openqa.selenium.remote.RemoteWebDriver.execute(RemoteWebDriver.java:552)
	at org.openqa.selenium.remote.RemoteWebDriver.findElement(RemoteWebDriver.java:323)
	at org.openqa.selenium.remote.RemoteWebDriver.findElementByXPath(RemoteWebDriver.java:428)
	at org.openqa.selenium.By$ByXPath.findElement(By.java:353)
	at org.openqa.selenium.remote.RemoteWebDriver.findElement(RemoteWebDriver.java:315)
	at org.openqa.selenium.support.ui.ExpectedConditions$6.apply(ExpectedConditions.java:182)
	at org.openqa.selenium.support.ui.ExpectedConditions$6.apply(ExpectedConditions.java:179)
	at org.openqa.selenium.support.ui.FluentWait.until(FluentWait.java:249)
	... 30 more
</pre></div><a href='#' onClick='toggleBox("stack-trace2006165770", this, "Click to show all stack frames", "Click to hide stack frames")'>Click to show all stack frames</a>
<div class='stack-trace' id='stack-trace2006165770'><pre>org.openqa.selenium.TimeoutException: Expected condition failed: waiting for presence of element located by: By.xpath: //*[@id=&apos;grid&apos;]/div[2]/table/tbody/tr[1]/td/a[2] (tried for 120 second(s) with 500 milliseconds interval)
	at org.openqa.selenium.support.ui.WebDriverWait.timeoutException(WebDriverWait.java:95)
	at org.openqa.selenium.support.ui.FluentWait.until(FluentWait.java:272)
	at cfo.CFOcountPOM.DetailedReportReOpen(CFOcountPOM.java:5977)
	at cfo.Mgmt.DetailedReportReOpen(Mgmt.java:3699)
	at java.base/jdk.internal.reflect.NativeMethodAccessorImpl.invoke0(Native Method)
	at java.base/jdk.internal.reflect.NativeMethodAccessorImpl.invoke(NativeMethodAccessorImpl.java:77)
	at java.base/jdk.internal.reflect.DelegatingMethodAccessorImpl.invoke(DelegatingMethodAccessorImpl.java:43)
	at java.base/java.lang.reflect.Method.invoke(Method.java:568)
	at org.testng.internal.MethodInvocationHelper.invokeMethod(MethodInvocationHelper.java:133)
	at org.testng.internal.TestInvoker.invokeMethod(TestInvoker.java:598)
	at org.testng.internal.TestInvoker.invokeTestMethod(TestInvoker.java:173)
	at org.testng.internal.MethodRunner.runInSequence(MethodRunner.java:46)
	at org.testng.internal.TestInvoker$MethodInvocationAgent.invoke(TestInvoker.java:824)
	at org.testng.internal.TestInvoker.invokeTestMethods(TestInvoker.java:146)
	at org.testng.internal.TestMethodWorker.invokeTestMethods(TestMethodWorker.java:146)
	at org.testng.internal.TestMethodWorker.run(TestMethodWorker.java:128)
	at java.base/java.util.ArrayList.forEach(ArrayList.java:1511)
	at org.testng.TestRunner.privateRun(TestRunner.java:794)
	at org.testng.TestRunner.run(TestRunner.java:596)
	at org.testng.SuiteRunner.runTest(SuiteRunner.java:377)
	at org.testng.SuiteRunner.runSequentially(SuiteRunner.java:371)
	at org.testng.SuiteRunner.privateRun(SuiteRunner.java:332)
	at org.testng.SuiteRunner.run(SuiteRunner.java:276)
	at org.testng.SuiteRunnerWorker.runSuite(SuiteRunnerWorker.java:53)
	at org.testng.SuiteRunnerWorker.run(SuiteRunnerWorker.java:96)
	at org.testng.TestNG.runSuitesSequentially(TestNG.java:1212)
	at org.testng.TestNG.runSuitesLocally(TestNG.java:1134)
	at org.testng.TestNG.runSuites(TestNG.java:1063)
	at org.testng.TestNG.run(TestNG.java:1031)
	at org.testng.remote.AbstractRemoteTestNG.run(AbstractRemoteTestNG.java:115)
	at org.testng.remote.RemoteTestNG.initAndRun(RemoteTestNG.java:251)
	at org.testng.remote.RemoteTestNG.main(RemoteTestNG.java:77)
Caused by: org.openqa.selenium.NoSuchElementException: no such element: Unable to locate element: {&quot;method&quot;:&quot;xpath&quot;,&quot;selector&quot;:&quot;//*[@id=&apos;grid&apos;]/div[2]/table/tbody/tr[1]/td/a[2]&quot;}
  (Session info: chrome=114.0.5735.133)
For documentation on this error, please visit: http://seleniumhq.org/exceptions/no_such_element.html
Build info: version: &apos;3.141.0&apos;, revision: &apos;2ecb7d9a&apos;, time: &apos;2018-10-31T20:09:30&apos;
System info: host: &apos;DESKTOP-7MK4EF7&apos;, ip: &apos;192.168.1.2&apos;, os.name: &apos;Windows 10&apos;, os.arch: &apos;amd64&apos;, os.version: &apos;10.0&apos;, java.version: &apos;17.0.5&apos;
Driver info: org.openqa.selenium.chrome.ChromeDriver
Capabilities {acceptInsecureCerts: false, browserName: chrome, browserVersion: 114.0.5735.133, chrome: {chromedriverVersion: 113.0.5672.63 (0e1a4471d5ae..., userDataDir: C:\Users\Mayuri\AppData\Loc...}, goog:chromeOptions: {debuggerAddress: localhost:62830}, javascriptEnabled: true, networkConnectionEnabled: false, pageLoadStrategy: normal, platform: WINDOWS, platformName: WINDOWS, proxy: Proxy(), setWindowRect: true, strictFileInteractability: false, timeouts: {implicit: 0, pageLoad: 300000, script: 30000}, unhandledPromptBehavior: dismiss and notify, webauthn:extension:credBlob: true, webauthn:extension:largeBlob: true, webauthn:extension:minPinLength: true, webauthn:extension:prf: true, webauthn:virtualAuthenticators: true}
Session ID: 147bbae90cbb6cfc1d9ca5416e976b00
*** Element info: {Using=xpath, value=//*[@id=&apos;grid&apos;]/div[2]/table/tbody/tr[1]/td/a[2]}
	at jdk.internal.reflect.GeneratedConstructorAccessor29.newInstance(Unknown Source)
	at java.base/jdk.internal.reflect.DelegatingConstructorAccessorImpl.newInstance(DelegatingConstructorAccessorImpl.java:45)
	at java.base/java.lang.reflect.Constructor.newInstanceWithCaller(Constructor.java:499)
	at java.base/java.lang.reflect.Constructor.newInstance(Constructor.java:480)
	at org.openqa.selenium.remote.http.W3CHttpResponseCodec.createException(W3CHttpResponseCodec.java:187)
	at org.openqa.selenium.remote.http.W3CHttpResponseCodec.decode(W3CHttpResponseCodec.java:122)
	at org.openqa.selenium.remote.http.W3CHttpResponseCodec.decode(W3CHttpResponseCodec.java:49)
	at org.openqa.selenium.remote.HttpCommandExecutor.execute(HttpCommandExecutor.java:158)
	at org.openqa.selenium.remote.service.DriverCommandExecutor.execute(DriverCommandExecutor.java:83)
	at org.openqa.selenium.remote.RemoteWebDriver.execute(RemoteWebDriver.java:552)
	at org.openqa.selenium.remote.RemoteWebDriver.findElement(RemoteWebDriver.java:323)
	at org.openqa.selenium.remote.RemoteWebDriver.findElementByXPath(RemoteWebDriver.java:428)
	at org.openqa.selenium.By$ByXPath.findElement(By.java:353)
	at org.openqa.selenium.remote.RemoteWebDriver.findElement(RemoteWebDriver.java:315)
	at org.openqa.selenium.support.ui.ExpectedConditions$6.apply(ExpectedConditions.java:182)
	at org.openqa.selenium.support.ui.ExpectedConditions$6.apply(ExpectedConditions.java:179)
	at org.openqa.selenium.support.ui.FluentWait.until(FluentWait.java:249)
	... 30 more
</pre></div></td>
<td>148</td>
<td>cfo.Mgmt@1ab3a8c8</td></tr>
<tr>
<td title='cfo.Mgmt.BargraphIndustrySpeLowStatutory()'><b>BargraphIndustrySpeLowStatutory</b><br>Test class: cfo.Mgmt</td>
<td><div><pre>org.openqa.selenium.TimeoutException: Expected condition failed: waiting for presence of element located by: By.xpath: //*[@id=&apos;grid&apos;]/div[3]/table/tbody/tr[3]/td[19]/a (tried for 60 second(s) with 500 milliseconds interval)
	at org.openqa.selenium.support.ui.WebDriverWait.timeoutException(WebDriverWait.java:95)
	at org.openqa.selenium.support.ui.FluentWait.until(FluentWait.java:272)
	at cfo.CFOcountPOM.BarGraphCount1(CFOcountPOM.java:4232)
	at cfo.Mgmt.BargraphIndustrySpeLowStatutory(Mgmt.java:1525)
	at java.base/jdk.internal.reflect.NativeMethodAccessorImpl.invoke0(Native Method)
	at java.base/jdk.internal.reflect.NativeMethodAccessorImpl.invoke(NativeMethodAccessorImpl.java:77)
	at java.base/jdk.internal.reflect.DelegatingMethodAccessorImpl.invoke(DelegatingMethodAccessorImpl.java:43)
	at java.base/java.lang.reflect.Method.invoke(Method.java:568)
	at org.testng.internal.MethodInvocationHelper.invokeMethod(MethodInvocationHelper.java:133)
	at org.testng.internal.TestInvoker.invokeMethod(TestInvoker.java:598)
	at org.testng.internal.TestInvoker.invokeTestMethod(TestInvoker.java:173)
	at org.testng.internal.MethodRunner.runInSequence(MethodRunner.java:46)
	at org.testng.internal.TestInvoker$MethodInvocationAgent.invoke(TestInvoker.java:824)
	at org.testng.internal.TestInvoker.invokeTestMethods(TestInvoker.java:146)
	at org.testng.internal.TestMethodWorker.invokeTestMethods(TestMethodWorker.java:146)
	at org.testng.internal.TestMethodWorker.run(TestMethodWorker.java:128)
	at java.base/java.util.ArrayList.forEach(ArrayList.java:1511)
	at org.testng.TestRunner.privateRun(TestRunner.java:794)
	at org.testng.TestRunner.run(TestRunner.java:596)
	at org.testng.SuiteRunner.runTest(SuiteRunner.java:377)
	at org.testng.SuiteRunner.runSequentially(SuiteRunner.java:371)
	at org.testng.SuiteRunner.privateRun(SuiteRunner.java:332)
	at org.testng.SuiteRunner.run(SuiteRunner.java:276)
	at org.testng.SuiteRunnerWorker.runSuite(SuiteRunnerWorker.java:53)
	at org.testng.SuiteRunnerWorker.run(SuiteRunnerWorker.java:96)
	at org.testng.TestNG.runSuitesSequentially(TestNG.java:1212)
	at org.testng.TestNG.runSuitesLocally(TestNG.java:1134)
	at org.testng.TestNG.runSuites(TestNG.java:1063)
	at org.testng.TestNG.run(TestNG.java:1031)
	at org.testng.remote.AbstractRemoteTestNG.run(AbstractRemoteTestNG.java:115)
	at org.testng.remote.RemoteTestNG.initAndRun(RemoteTestNG.java:251)
	at org.testng.remote.RemoteTestNG.main(RemoteTestNG.java:77)
Caused by: org.openqa.selenium.NoSuchElementException: no such element: Unable to locate element: {&quot;method&quot;:&quot;xpath&quot;,&quot;selector&quot;:&quot;//*[@id=&apos;grid&apos;]/div[3]/table/tbody/tr[3]/td[19]/a&quot;}
  (Session info: chrome=114.0.5735.133)
For documentation on this error, please visit: http://seleniumhq.org/exceptions/no_such_element.html
Build info: version: &apos;3.141.0&apos;, revision: &apos;2ecb7d9a&apos;, time: &apos;2018-10-31T20:09:30&apos;
System info: host: &apos;DESKTOP-7MK4EF7&apos;, ip: &apos;192.168.1.2&apos;, os.name: &apos;Windows 10&apos;, os.arch: &apos;amd64&apos;, os.version: &apos;10.0&apos;, java.version: &apos;17.0.5&apos;
Driver info: org.openqa.selenium.chrome.ChromeDriver
Capabilities {acceptInsecureCerts: false, browserName: chrome, browserVersion: 114.0.5735.133, chrome: {chromedriverVersion: 113.0.5672.63 (0e1a4471d5ae..., userDataDir: C:\Users\Mayuri\AppData\Loc...}, goog:chromeOptions: {debuggerAddress: localhost:59304}, javascriptEnabled: true, networkConnectionEnabled: false, pageLoadStrategy: normal, platform: WINDOWS, platformName: WINDOWS, proxy: Proxy(), setWindowRect: true, strictFileInteractability: false, timeouts: {implicit: 0, pageLoad: 300000, script: 30000}, unhandledPromptBehavior: dismiss and notify, webauthn:extension:credBlob: true, webauthn:extension:largeBlob: true, webauthn:extension:minPinLength: true, webauthn:extension:prf: true, webauthn:virtualAuthenticators: true}
Session ID: d5676e77b0524773a8f2952c5c2a9a12
*** Element info: {Using=xpath, value=//*[@id=&apos;grid&apos;]/div[3]/table/tbody/tr[3]/td[19]/a}
	at jdk.internal.reflect.GeneratedConstructorAccessor29.newInstance(Unknown Source)
	at java.base/jdk.internal.reflect.DelegatingConstructorAccessorImpl.newInstance(DelegatingConstructorAccessorImpl.java:45)
	at java.base/java.lang.reflect.Constructor.newInstanceWithCaller(Constructor.java:499)
	at java.base/java.lang.reflect.Constructor.newInstance(Constructor.java:480)
	at org.openqa.selenium.remote.http.W3CHttpResponseCodec.createException(W3CHttpResponseCodec.java:187)
	at org.openqa.selenium.remote.http.W3CHttpResponseCodec.decode(W3CHttpResponseCodec.java:122)
	at org.openqa.selenium.remote.http.W3CHttpResponseCodec.decode(W3CHttpResponseCodec.java:49)
	at org.openqa.selenium.remote.HttpCommandExecutor.execute(HttpCommandExecutor.java:158)
	at org.openqa.selenium.remote.service.DriverCommandExecutor.execute(DriverCommandExecutor.java:83)
	at org.openqa.selenium.remote.RemoteWebDriver.execute(RemoteWebDriver.java:552)
	at org.openqa.selenium.remote.RemoteWebDriver.findElement(RemoteWebDriver.java:323)
	at org.openqa.selenium.remote.RemoteWebDriver.findElementByXPath(RemoteWebDriver.java:428)
	at org.openqa.selenium.By$ByXPath.findElement(By.java:353)
	at org.openqa.selenium.remote.RemoteWebDriver.findElement(RemoteWebDriver.java:315)
	at org.openqa.selenium.support.ui.ExpectedConditions$6.apply(ExpectedConditions.java:182)
	at org.openqa.selenium.support.ui.ExpectedConditions$6.apply(ExpectedConditions.java:179)
	at org.openqa.selenium.support.ui.FluentWait.until(FluentWait.java:249)
	... 30 more
</pre></div><a href='#' onClick='toggleBox("stack-trace879869437", this, "Click to show all stack frames", "Click to hide stack frames")'>Click to show all stack frames</a>
<div class='stack-trace' id='stack-trace879869437'><pre>org.openqa.selenium.TimeoutException: Expected condition failed: waiting for presence of element located by: By.xpath: //*[@id=&apos;grid&apos;]/div[3]/table/tbody/tr[3]/td[19]/a (tried for 60 second(s) with 500 milliseconds interval)
	at org.openqa.selenium.support.ui.WebDriverWait.timeoutException(WebDriverWait.java:95)
	at org.openqa.selenium.support.ui.FluentWait.until(FluentWait.java:272)
	at cfo.CFOcountPOM.BarGraphCount1(CFOcountPOM.java:4232)
	at cfo.Mgmt.BargraphIndustrySpeLowStatutory(Mgmt.java:1525)
	at java.base/jdk.internal.reflect.NativeMethodAccessorImpl.invoke0(Native Method)
	at java.base/jdk.internal.reflect.NativeMethodAccessorImpl.invoke(NativeMethodAccessorImpl.java:77)
	at java.base/jdk.internal.reflect.DelegatingMethodAccessorImpl.invoke(DelegatingMethodAccessorImpl.java:43)
	at java.base/java.lang.reflect.Method.invoke(Method.java:568)
	at org.testng.internal.MethodInvocationHelper.invokeMethod(MethodInvocationHelper.java:133)
	at org.testng.internal.TestInvoker.invokeMethod(TestInvoker.java:598)
	at org.testng.internal.TestInvoker.invokeTestMethod(TestInvoker.java:173)
	at org.testng.internal.MethodRunner.runInSequence(MethodRunner.java:46)
	at org.testng.internal.TestInvoker$MethodInvocationAgent.invoke(TestInvoker.java:824)
	at org.testng.internal.TestInvoker.invokeTestMethods(TestInvoker.java:146)
	at org.testng.internal.TestMethodWorker.invokeTestMethods(TestMethodWorker.java:146)
	at org.testng.internal.TestMethodWorker.run(TestMethodWorker.java:128)
	at java.base/java.util.ArrayList.forEach(ArrayList.java:1511)
	at org.testng.TestRunner.privateRun(TestRunner.java:794)
	at org.testng.TestRunner.run(TestRunner.java:596)
	at org.testng.SuiteRunner.runTest(SuiteRunner.java:377)
	at org.testng.SuiteRunner.runSequentially(SuiteRunner.java:371)
	at org.testng.SuiteRunner.privateRun(SuiteRunner.java:332)
	at org.testng.SuiteRunner.run(SuiteRunner.java:276)
	at org.testng.SuiteRunnerWorker.runSuite(SuiteRunnerWorker.java:53)
	at org.testng.SuiteRunnerWorker.run(SuiteRunnerWorker.java:96)
	at org.testng.TestNG.runSuitesSequentially(TestNG.java:1212)
	at org.testng.TestNG.runSuitesLocally(TestNG.java:1134)
	at org.testng.TestNG.runSuites(TestNG.java:1063)
	at org.testng.TestNG.run(TestNG.java:1031)
	at org.testng.remote.AbstractRemoteTestNG.run(AbstractRemoteTestNG.java:115)
	at org.testng.remote.RemoteTestNG.initAndRun(RemoteTestNG.java:251)
	at org.testng.remote.RemoteTestNG.main(RemoteTestNG.java:77)
Caused by: org.openqa.selenium.NoSuchElementException: no such element: Unable to locate element: {&quot;method&quot;:&quot;xpath&quot;,&quot;selector&quot;:&quot;//*[@id=&apos;grid&apos;]/div[3]/table/tbody/tr[3]/td[19]/a&quot;}
  (Session info: chrome=114.0.5735.133)
For documentation on this error, please visit: http://seleniumhq.org/exceptions/no_such_element.html
Build info: version: &apos;3.141.0&apos;, revision: &apos;2ecb7d9a&apos;, time: &apos;2018-10-31T20:09:30&apos;
System info: host: &apos;DESKTOP-7MK4EF7&apos;, ip: &apos;192.168.1.2&apos;, os.name: &apos;Windows 10&apos;, os.arch: &apos;amd64&apos;, os.version: &apos;10.0&apos;, java.version: &apos;17.0.5&apos;
Driver info: org.openqa.selenium.chrome.ChromeDriver
Capabilities {acceptInsecureCerts: false, browserName: chrome, browserVersion: 114.0.5735.133, chrome: {chromedriverVersion: 113.0.5672.63 (0e1a4471d5ae..., userDataDir: C:\Users\Mayuri\AppData\Loc...}, goog:chromeOptions: {debuggerAddress: localhost:59304}, javascriptEnabled: true, networkConnectionEnabled: false, pageLoadStrategy: normal, platform: WINDOWS, platformName: WINDOWS, proxy: Proxy(), setWindowRect: true, strictFileInteractability: false, timeouts: {implicit: 0, pageLoad: 300000, script: 30000}, unhandledPromptBehavior: dismiss and notify, webauthn:extension:credBlob: true, webauthn:extension:largeBlob: true, webauthn:extension:minPinLength: true, webauthn:extension:prf: true, webauthn:virtualAuthenticators: true}
Session ID: d5676e77b0524773a8f2952c5c2a9a12
*** Element info: {Using=xpath, value=//*[@id=&apos;grid&apos;]/div[3]/table/tbody/tr[3]/td[19]/a}
	at jdk.internal.reflect.GeneratedConstructorAccessor29.newInstance(Unknown Source)
	at java.base/jdk.internal.reflect.DelegatingConstructorAccessorImpl.newInstance(DelegatingConstructorAccessorImpl.java:45)
	at java.base/java.lang.reflect.Constructor.newInstanceWithCaller(Constructor.java:499)
	at java.base/java.lang.reflect.Constructor.newInstance(Constructor.java:480)
	at org.openqa.selenium.remote.http.W3CHttpResponseCodec.createException(W3CHttpResponseCodec.java:187)
	at org.openqa.selenium.remote.http.W3CHttpResponseCodec.decode(W3CHttpResponseCodec.java:122)
	at org.openqa.selenium.remote.http.W3CHttpResponseCodec.decode(W3CHttpResponseCodec.java:49)
	at org.openqa.selenium.remote.HttpCommandExecutor.execute(HttpCommandExecutor.java:158)
	at org.openqa.selenium.remote.service.DriverCommandExecutor.execute(DriverCommandExecutor.java:83)
	at org.openqa.selenium.remote.RemoteWebDriver.execute(RemoteWebDriver.java:552)
	at org.openqa.selenium.remote.RemoteWebDriver.findElement(RemoteWebDriver.java:323)
	at org.openqa.selenium.remote.RemoteWebDriver.findElementByXPath(RemoteWebDriver.java:428)
	at org.openqa.selenium.By$ByXPath.findElement(By.java:353)
	at org.openqa.selenium.remote.RemoteWebDriver.findElement(RemoteWebDriver.java:315)
	at org.openqa.selenium.support.ui.ExpectedConditions$6.apply(ExpectedConditions.java:182)
	at org.openqa.selenium.support.ui.ExpectedConditions$6.apply(ExpectedConditions.java:179)
	at org.openqa.selenium.support.ui.FluentWait.until(FluentWait.java:249)
	... 30 more
</pre></div></td>
<td>99</td>
<td>cfo.Mgmt@1ab3a8c8</td></tr>
</table><p>
<table width='100%' border='1' class='invocation-passed'>
<tr><td colspan='4' align='center'><b>PASSED TESTS</b></td></tr>
<tr><td><b>Test method</b></td>
<td width="30%"><b>Exception</b></td>
<td width="10%"><b>Time (seconds)</b></td>
<td><b>Instance</b></td>
</tr>
<tr>
<td title='cfo.Mgmt.dueToday_PieChart()'><b>dueToday_PieChart</b><br>Test class: cfo.Mgmt</td>
<td></td>
<td>165</td>
<td>cfo.Mgmt@1ab3a8c8</td></tr>
<tr>
<td title='cfo.Mgmt.CriticalDocuments()'><b>CriticalDocuments</b><br>Test class: cfo.Mgmt</td>
<td></td>
<td>67</td>
<td>cfo.Mgmt@1ab3a8c8</td></tr>
<tr>
<td title='cfo.Mgmt.UsersCountMatch()'><b>UsersCountMatch</b><br>Test class: cfo.Mgmt</td>
<td></td>
<td>24</td>
<td>cfo.Mgmt@1ab3a8c8</td></tr>
<tr>
<td title='cfo.Mgmt.BargraphIndustrySpeHighStatutory()'><b>BargraphIndustrySpeHighStatutory</b><br>Test class: cfo.Mgmt</td>
<td></td>
<td>141</td>
<td>cfo.Mgmt@1ab3a8c8</td></tr>
<tr>
<td title='cfo.Mgmt.Overdue_PieChartPeriod()'><b>Overdue_PieChartPeriod</b><br>Test class: cfo.Mgmt</td>
<td></td>
<td>231</td>
<td>cfo.Mgmt@1ab3a8c8</td></tr>
<tr>
<td title='cfo.Mgmt.AssignmentReport()'><b>AssignmentReport</b><br>Test class: cfo.Mgmt</td>
<td></td>
<td>69</td>
<td>cfo.Mgmt@1ab3a8c8</td></tr>
<tr>
<td title='cfo.Mgmt.ComplianceDocuments()'><b>ComplianceDocuments</b><br>Test class: cfo.Mgmt</td>
<td></td>
<td>131</td>
<td>cfo.Mgmt@1ab3a8c8</td></tr>
<tr>
<td title='cfo.Mgmt.NewsLetter()'><b>NewsLetter</b><br>Test class: cfo.Mgmt</td>
<td></td>
<td>23</td>
<td>cfo.Mgmt@1ab3a8c8</td></tr>
<tr>
<td title='cfo.Mgmt.StandardReportDetailedIN()'><b>StandardReportDetailedIN</b><br>Test class: cfo.Mgmt</td>
<td></td>
<td>46</td>
<td>cfo.Mgmt@1ab3a8c8</td></tr>
<tr>
<td title='cfo.Mgmt.rejected_PieChart()'><b>rejected_PieChart</b><br>Test class: cfo.Mgmt</td>
<td></td>
<td>201</td>
<td>cfo.Mgmt@1ab3a8c8</td></tr>
<tr>
<td title='cfo.Mgmt.dueToday_PieChartPeriod()'><b>dueToday_PieChartPeriod</b><br>Test class: cfo.Mgmt</td>
<td></td>
<td>172</td>
<td>cfo.Mgmt@1ab3a8c8</td></tr>
<tr>
<td title='cfo.Mgmt.SummaryofOverdueCompliances()'><b>SummaryofOverdueCompliances</b><br>Test class: cfo.Mgmt</td>
<td></td>
<td>40</td>
<td>cfo.Mgmt@1ab3a8c8</td></tr>
<tr>
<td title='cfo.Mgmt.RiskSummaryHighStatutory()'><b>RiskSummaryHighStatutory</b><br>Test class: cfo.Mgmt</td>
<td></td>
<td>174</td>
<td>cfo.Mgmt@1ab3a8c8</td></tr>
<tr>
<td title='cfo.Mgmt.rejected_PieChartPeriod()'><b>rejected_PieChartPeriod</b><br>Test class: cfo.Mgmt</td>
<td></td>
<td>22</td>
<td>cfo.Mgmt@1ab3a8c8</td></tr>
<tr>
<td title='cfo.Mgmt.StandardReportCriticalRisk()'><b>StandardReportCriticalRisk</b><br>Test class: cfo.Mgmt</td>
<td></td>
<td>53</td>
<td>cfo.Mgmt@1ab3a8c8</td></tr>
<tr>
<td title='cfo.Mgmt.StandardReportLocationIN()'><b>StandardReportLocationIN</b><br>Test class: cfo.Mgmt</td>
<td></td>
<td>54</td>
<td>cfo.Mgmt@1ab3a8c8</td></tr>
<tr>
<td title='cfo.Mgmt.RiskSummaryLowStatutory()'><b>RiskSummaryLowStatutory</b><br>Test class: cfo.Mgmt</td>
<td></td>
<td>184</td>
<td>cfo.Mgmt@1ab3a8c8</td></tr>
<tr>
<td title='cfo.Mgmt.DailyUpdates()'><b>DailyUpdates</b><br>Test class: cfo.Mgmt</td>
<td></td>
<td>47</td>
<td>cfo.Mgmt@1ab3a8c8</td></tr>
<tr>
<td title='cfo.Mgmt.pendingForReview_PieChartPeriod()'><b>pendingForReview_PieChartPeriod</b><br>Test class: cfo.Mgmt</td>
<td></td>
<td>18</td>
<td>cfo.Mgmt@1ab3a8c8</td></tr>
<tr>
<td title='cfo.Mgmt.CompliancesCountMatch()'><b>CompliancesCountMatch</b><br>Test class: cfo.Mgmt</td>
<td></td>
<td>25</td>
<td>cfo.Mgmt@1ab3a8c8</td></tr>
<tr>
<td title='cfo.Mgmt.MyNotifications()'><b>MyNotifications</b><br>Test class: cfo.Mgmt</td>
<td></td>
<td>31</td>
<td>cfo.Mgmt@1ab3a8c8</td></tr>
<tr>
<td title='cfo.Mgmt.complianceCalendar()'><b>complianceCalendar</b><br>Test class: cfo.Mgmt</td>
<td></td>
<td>71</td>
<td>cfo.Mgmt@1ab3a8c8</td></tr>
<tr>
<td title='cfo.Mgmt.clickPenaltyStatutory()'><b>clickPenaltyStatutory</b><br>Test class: cfo.Mgmt</td>
<td></td>
<td>42</td>
<td>cfo.Mgmt@1ab3a8c8</td></tr>
<tr>
<td title='cfo.Mgmt.UsageReport()'><b>UsageReport</b><br>Test class: cfo.Mgmt</td>
<td></td>
<td>103</td>
<td>cfo.Mgmt@1ab3a8c8</td></tr>
<tr>
<td title='cfo.Mgmt.BargraphIndustrySpeCriticalStatutory()'><b>BargraphIndustrySpeCriticalStatutory</b><br>Test class: cfo.Mgmt</td>
<td></td>
<td>62</td>
<td>cfo.Mgmt@1ab3a8c8</td></tr>
<tr>
<td title='cfo.Mgmt.NotApplicable_PieChartPeriod()'><b>NotApplicable_PieChartPeriod</b><br>Test class: cfo.Mgmt</td>
<td></td>
<td>24</td>
<td>cfo.Mgmt@1ab3a8c8</td></tr>
<tr>
<td title='cfo.Mgmt.StandardReportOverall()'><b>StandardReportOverall</b><br>Test class: cfo.Mgmt</td>
<td></td>
<td>53</td>
<td>cfo.Mgmt@1ab3a8c8</td></tr>
<tr>
<td title='cfo.Mgmt.ActDocuments()'><b>ActDocuments</b><br>Test class: cfo.Mgmt</td>
<td></td>
<td>52</td>
<td>cfo.Mgmt@1ab3a8c8</td></tr>
<tr>
<td title='cfo.Mgmt.NotApplicable_PieChart()'><b>NotApplicable_PieChart</b><br>Test class: cfo.Mgmt</td>
<td></td>
<td>65</td>
<td>cfo.Mgmt@1ab3a8c8</td></tr>
<tr>
<td title='cfo.Mgmt.InternalMsg()'><b>InternalMsg</b><br>Test class: cfo.Mgmt</td>
<td></td>
<td>24</td>
<td>cfo.Mgmt@1ab3a8c8</td></tr>
<tr>
<td title='cfo.Mgmt.pendingForReview_PieChart()'><b>pendingForReview_PieChart</b><br>Test class: cfo.Mgmt</td>
<td></td>
<td>250</td>
<td>cfo.Mgmt@1ab3a8c8</td></tr>
<tr>
<td title='cfo.Mgmt.CategoriesCountMatch()'><b>CategoriesCountMatch</b><br>Test class: cfo.Mgmt</td>
<td></td>
<td>67</td>
<td>cfo.Mgmt@1ab3a8c8</td></tr>
<tr>
<td title='cfo.Mgmt.ClosedTimely_PieChartPeriod()'><b>ClosedTimely_PieChartPeriod</b><br>Test class: cfo.Mgmt</td>
<td></td>
<td>19</td>
<td>cfo.Mgmt@1ab3a8c8</td></tr>
<tr>
<td title='cfo.Mgmt.ComplianceDocumentsIN()'><b>ComplianceDocumentsIN</b><br>Test class: cfo.Mgmt</td>
<td></td>
<td>166</td>
<td>cfo.Mgmt@1ab3a8c8</td></tr>
<tr>
<td title='cfo.Mgmt.StandardReportCategoryIn()'><b>StandardReportCategoryIn</b><br>Test class: cfo.Mgmt</td>
<td></td>
<td>61</td>
<td>cfo.Mgmt@1ab3a8c8</td></tr>
<tr>
<td title='cfo.Mgmt.PenaltySummaryStatutory()'><b>PenaltySummaryStatutory</b><br>Test class: cfo.Mgmt</td>
<td></td>
<td>113</td>
<td>cfo.Mgmt@1ab3a8c8</td></tr>
<tr>
<td title='cfo.Mgmt.StandardReportRiskIN()'><b>StandardReportRiskIN</b><br>Test class: cfo.Mgmt</td>
<td></td>
<td>54</td>
<td>cfo.Mgmt@1ab3a8c8</td></tr>
<tr>
<td title='cfo.Mgmt.ClosedDelayed_PieChart()'><b>ClosedDelayed_PieChart</b><br>Test class: cfo.Mgmt</td>
<td></td>
<td>121</td>
<td>cfo.Mgmt@1ab3a8c8</td></tr>
<tr>
<td title='cfo.Mgmt.StandardReportCriticalRiskIN()'><b>StandardReportCriticalRiskIN</b><br>Test class: cfo.Mgmt</td>
<td></td>
<td>54</td>
<td>cfo.Mgmt@1ab3a8c8</td></tr>
<tr>
<td title='cfo.Mgmt.inProgress_PieChartPeriod()'><b>inProgress_PieChartPeriod</b><br>Test class: cfo.Mgmt</td>
<td></td>
<td>17</td>
<td>cfo.Mgmt@1ab3a8c8</td></tr>
<tr>
<td title='cfo.Mgmt.AuditReport()'><b>AuditReport</b><br>Test class: cfo.Mgmt</td>
<td></td>
<td>23</td>
<td>cfo.Mgmt@1ab3a8c8</td></tr>
<tr>
<td title='cfo.Mgmt.inProgress_PieChart()'><b>inProgress_PieChart</b><br>Test class: cfo.Mgmt</td>
<td></td>
<td>132</td>
<td>cfo.Mgmt@1ab3a8c8</td></tr>
<tr>
<td title='cfo.Mgmt.StandardReportRisk()'><b>StandardReportRisk</b><br>Test class: cfo.Mgmt</td>
<td></td>
<td>53</td>
<td>cfo.Mgmt@1ab3a8c8</td></tr>
<tr>
<td title='cfo.Mgmt.NotCompleted_PieChart()'><b>NotCompleted_PieChart</b><br>Test class: cfo.Mgmt</td>
<td></td>
<td>205</td>
<td>cfo.Mgmt@1ab3a8c8</td></tr>
<tr>
<td title='cfo.Mgmt.StandardReportUser()'><b>StandardReportUser</b><br>Test class: cfo.Mgmt</td>
<td></td>
<td>52</td>
<td>cfo.Mgmt@1ab3a8c8</td></tr>
<tr>
<td title='cfo.Mgmt.StandardReportCategory()'><b>StandardReportCategory</b><br>Test class: cfo.Mgmt</td>
<td></td>
<td>53</td>
<td>cfo.Mgmt@1ab3a8c8</td></tr>
<tr>
<td title='cfo.Mgmt.BargraphIndustrySpeMediumStatutory()'><b>BargraphIndustrySpeMediumStatutory</b><br>Test class: cfo.Mgmt</td>
<td></td>
<td>135</td>
<td>cfo.Mgmt@1ab3a8c8</td></tr>
<tr>
<td title='cfo.Mgmt.DepartmentSummaryHumanResourceStatutory()'><b>DepartmentSummaryHumanResourceStatutory</b><br>Test class: cfo.Mgmt</td>
<td></td>
<td>65</td>
<td>cfo.Mgmt@1ab3a8c8</td></tr>
<tr>
<td title='cfo.Mgmt.ActRepository()'><b>ActRepository</b><br>Test class: cfo.Mgmt</td>
<td></td>
<td>25</td>
<td>cfo.Mgmt@1ab3a8c8</td></tr>
<tr>
<td title='cfo.Mgmt.ClosedDelayed_PieChartPeriod()'><b>ClosedDelayed_PieChartPeriod</b><br>Test class: cfo.Mgmt</td>
<td></td>
<td>179</td>
<td>cfo.Mgmt@1ab3a8c8</td></tr>
<tr>
<td title='cfo.Mgmt.RiskSummaryCriticalStatutory()'><b>RiskSummaryCriticalStatutory</b><br>Test class: cfo.Mgmt</td>
<td></td>
<td>147</td>
<td>cfo.Mgmt@1ab3a8c8</td></tr>
<tr>
<td title='cfo.Mgmt.StandardReportDetailed()'><b>StandardReportDetailed</b><br>Test class: cfo.Mgmt</td>
<td></td>
<td>39</td>
<td>cfo.Mgmt@1ab3a8c8</td></tr>
<tr>
<td title='cfo.Mgmt.DetailedReportIn()'><b>DetailedReportIn</b><br>Test class: cfo.Mgmt</td>
<td></td>
<td>103</td>
<td>cfo.Mgmt@1ab3a8c8</td></tr>
<tr>
<td title='cfo.Mgmt.SupportTicket()'><b>SupportTicket</b><br>Test class: cfo.Mgmt</td>
<td></td>
<td>16</td>
<td>cfo.Mgmt@1ab3a8c8</td></tr>
<tr>
<td title='cfo.Mgmt.NotCompleted_PieChartPeriod()'><b>NotCompleted_PieChartPeriod</b><br>Test class: cfo.Mgmt</td>
<td></td>
<td>222</td>
<td>cfo.Mgmt@1ab3a8c8</td></tr>
<tr>
<td title='cfo.Mgmt.RiskSummaryMediumStatutory()'><b>RiskSummaryMediumStatutory</b><br>Test class: cfo.Mgmt</td>
<td></td>
<td>174</td>
<td>cfo.Mgmt@1ab3a8c8</td></tr>
<tr>
<td title='cfo.Mgmt.StandardReportOverallIN()'><b>StandardReportOverallIN</b><br>Test class: cfo.Mgmt</td>
<td></td>
<td>55</td>
<td>cfo.Mgmt@1ab3a8c8</td></tr>
<tr>
<td title='cfo.Mgmt.StandardReportUserIn()'><b>StandardReportUserIn</b><br>Test class: cfo.Mgmt</td>
<td></td>
<td>55</td>
<td>cfo.Mgmt@1ab3a8c8</td></tr>
<tr>
<td title='cfo.Mgmt.DetailedReport()'><b>DetailedReport</b><br>Test class: cfo.Mgmt</td>
<td></td>
<td>95</td>
<td>cfo.Mgmt@1ab3a8c8</td></tr>
<tr>
<td title='cfo.Mgmt.ClosedTimely_PieChart()'><b>ClosedTimely_PieChart</b><br>Test class: cfo.Mgmt</td>
<td></td>
<td>234</td>
<td>cfo.Mgmt@1ab3a8c8</td></tr>
<tr>
<td title='cfo.Mgmt.GradingReportStatutory()'><b>GradingReportStatutory</b><br>Test class: cfo.Mgmt</td>
<td></td>
<td>41</td>
<td>cfo.Mgmt@1ab3a8c8</td></tr>
<tr>
<td title='cfo.Mgmt.Overdue_PieChart()'><b>Overdue_PieChart</b><br>Test class: cfo.Mgmt</td>
<td></td>
<td>218</td>
<td>cfo.Mgmt@1ab3a8c8</td></tr>
<tr>
<td title='cfo.Mgmt.StandardReportLocation()'><b>StandardReportLocation</b><br>Test class: cfo.Mgmt</td>
<td></td>
<td>52</td>
<td>cfo.Mgmt@1ab3a8c8</td></tr>
</table><p>
</body>
</html>