<?xml version="1.0" encoding="UTF-8"?>
<!-- Generated by org.testng.reporters.JUnitXMLReporter -->
<testsuite ignored="0" hostname="DESKTOP-7MK4EF7" failures="2" tests="65" name="Default test" time="8234.628" errors="0" timestamp="2023-06-16T00:26:19 IST">
  <testcase classname="cfo.Mgmt" name="CategoriesCountMatch" time="67.848"/>
  <testcase classname="cfo.Mgmt" name="CompliancesCountMatch" time="25.28"/>
  <testcase classname="cfo.Mgmt" name="UsersCountMatch" time="24.93"/>
  <testcase classname="cfo.Mgmt" name="clickPenaltyStatutory" time="42.199"/>
  <testcase classname="cfo.Mgmt" name="SummaryofOverdueCompliances" time="40.79"/>
  <testcase classname="cfo.Mgmt" name="NotCompleted_PieChart" time="205.273"/>
  <testcase classname="cfo.Mgmt" name="ClosedDelayed_PieChart" time="121.954"/>
  <testcase classname="cfo.Mgmt" name="ClosedTimely_PieChart" time="234.993"/>
  <testcase classname="cfo.Mgmt" name="NotApplicable_PieChart" time="65.703"/>
  <testcase classname="cfo.Mgmt" name="Overdue_PieChart" time="218.171"/>
  <testcase classname="cfo.Mgmt" name="dueToday_PieChart" time="165.414"/>
  <testcase classname="cfo.Mgmt" name="pendingForReview_PieChart" time="250.514"/>
  <testcase classname="cfo.Mgmt" name="inProgress_PieChart" time="132.205"/>
  <testcase classname="cfo.Mgmt" name="rejected_PieChart" time="201.79"/>
  <testcase classname="cfo.Mgmt" name="BargraphIndustrySpeCriticalStatutory" time="62.349"/>
  <testcase classname="cfo.Mgmt" name="BargraphIndustrySpeHighStatutory" time="141.545"/>
  <testcase classname="cfo.Mgmt" name="BargraphIndustrySpeMediumStatutory" time="135.223"/>
  <testcase classname="cfo.Mgmt" name="BargraphIndustrySpeLowStatutory" time="99.034">
    <failure type="org.openqa.selenium.TimeoutException" message="Expected condition failed: waiting for presence of element located by: By.xpath: //*[@id=&amp;apos;grid&amp;apos;]/div[3]/table/tbody/tr[3]/td[19]/a (tried for 60 second(s) with 500 milliseconds interval)">
      <![CDATA[org.openqa.selenium.TimeoutException: Expected condition failed: waiting for presence of element located by: By.xpath: //*[@id='grid']/div[3]/table/tbody/tr[3]/td[19]/a (tried for 60 second(s) with 500 milliseconds interval)
at org.openqa.selenium.support.ui.WebDriverWait.timeoutException(WebDriverWait.java:95)
at org.openqa.selenium.support.ui.FluentWait.until(FluentWait.java:272)
at cfo.CFOcountPOM.BarGraphCount1(CFOcountPOM.java:4232)
at cfo.Mgmt.BargraphIndustrySpeLowStatutory(Mgmt.java:1525)
at java.base/jdk.internal.reflect.NativeMethodAccessorImpl.invoke0(Native Method)
at java.base/jdk.internal.reflect.NativeMethodAccessorImpl.invoke(NativeMethodAccessorImpl.java:77)
at java.base/jdk.internal.reflect.DelegatingMethodAccessorImpl.invoke(DelegatingMethodAccessorImpl.java:43)
at java.base/java.lang.reflect.Method.invoke(Method.java:568)
at org.testng.internal.MethodInvocationHelper.invokeMethod(MethodInvocationHelper.java:133)
at org.testng.internal.TestInvoker.invokeMethod(TestInvoker.java:598)
at org.testng.internal.TestInvoker.invokeTestMethod(TestInvoker.java:173)
at org.testng.internal.MethodRunner.runInSequence(MethodRunner.java:46)
at org.testng.internal.TestInvoker$MethodInvocationAgent.invoke(TestInvoker.java:824)
at org.testng.internal.TestInvoker.invokeTestMethods(TestInvoker.java:146)
at org.testng.internal.TestMethodWorker.invokeTestMethods(TestMethodWorker.java:146)
at org.testng.internal.TestMethodWorker.run(TestMethodWorker.java:128)
at java.base/java.util.ArrayList.forEach(ArrayList.java:1511)
at org.testng.TestRunner.privateRun(TestRunner.java:794)
at org.testng.TestRunner.run(TestRunner.java:596)
at org.testng.SuiteRunner.runTest(SuiteRunner.java:377)
at org.testng.SuiteRunner.runSequentially(SuiteRunner.java:371)
at org.testng.SuiteRunner.privateRun(SuiteRunner.java:332)
at org.testng.SuiteRunner.run(SuiteRunner.java:276)
at org.testng.SuiteRunnerWorker.runSuite(SuiteRunnerWorker.java:53)
at org.testng.SuiteRunnerWorker.run(SuiteRunnerWorker.java:96)
at org.testng.TestNG.runSuitesSequentially(TestNG.java:1212)
at org.testng.TestNG.runSuitesLocally(TestNG.java:1134)
at org.testng.TestNG.runSuites(TestNG.java:1063)
at org.testng.TestNG.run(TestNG.java:1031)
at org.testng.remote.AbstractRemoteTestNG.run(AbstractRemoteTestNG.java:115)
at org.testng.remote.RemoteTestNG.initAndRun(RemoteTestNG.java:251)
at org.testng.remote.RemoteTestNG.main(RemoteTestNG.java:77)
Caused by: org.openqa.selenium.NoSuchElementException: no such element: Unable to locate element: {"method":"xpath","selector":"//*[@id='grid']/div[3]/table/tbody/tr[3]/td[19]/a"}
  (Session info: chrome=114.0.5735.133)
For documentation on this error, please visit: http://seleniumhq.org/exceptions/no_such_element.html
Build info: version: '3.141.0', revision: '2ecb7d9a', time: '2018-10-31T20:09:30'
System info: host: 'DESKTOP-7MK4EF7', ip: '192.168.1.2', os.name: 'Windows 10', os.arch: 'amd64', os.version: '10.0', java.version: '17.0.5'
Driver info: org.openqa.selenium.chrome.ChromeDriver
Capabilities {acceptInsecureCerts: false, browserName: chrome, browserVersion: 114.0.5735.133, chrome: {chromedriverVersion: 113.0.5672.63 (0e1a4471d5ae..., userDataDir: C:\Users\Mayuri\AppData\Loc...}, goog:chromeOptions: {debuggerAddress: localhost:59304}, javascriptEnabled: true, networkConnectionEnabled: false, pageLoadStrategy: normal, platform: WINDOWS, platformName: WINDOWS, proxy: Proxy(), setWindowRect: true, strictFileInteractability: false, timeouts: {implicit: 0, pageLoad: 300000, script: 30000}, unhandledPromptBehavior: dismiss and notify, webauthn:extension:credBlob: true, webauthn:extension:largeBlob: true, webauthn:extension:minPinLength: true, webauthn:extension:prf: true, webauthn:virtualAuthenticators: true}
Session ID: d5676e77b0524773a8f2952c5c2a9a12
*** Element info: {Using=xpath, value=//*[@id='grid']/div[3]/table/tbody/tr[3]/td[19]/a}
at jdk.internal.reflect.GeneratedConstructorAccessor29.newInstance(Unknown Source)
at java.base/jdk.internal.reflect.DelegatingConstructorAccessorImpl.newInstance(DelegatingConstructorAccessorImpl.java:45)
at java.base/java.lang.reflect.Constructor.newInstanceWithCaller(Constructor.java:499)
at java.base/java.lang.reflect.Constructor.newInstance(Constructor.java:480)
at org.openqa.selenium.remote.http.W3CHttpResponseCodec.createException(W3CHttpResponseCodec.java:187)
at org.openqa.selenium.remote.http.W3CHttpResponseCodec.decode(W3CHttpResponseCodec.java:122)
at org.openqa.selenium.remote.http.W3CHttpResponseCodec.decode(W3CHttpResponseCodec.java:49)
at org.openqa.selenium.remote.HttpCommandExecutor.execute(HttpCommandExecutor.java:158)
at org.openqa.selenium.remote.service.DriverCommandExecutor.execute(DriverCommandExecutor.java:83)
at org.openqa.selenium.remote.RemoteWebDriver.execute(RemoteWebDriver.java:552)
at org.openqa.selenium.remote.RemoteWebDriver.findElement(RemoteWebDriver.java:323)
at org.openqa.selenium.remote.RemoteWebDriver.findElementByXPath(RemoteWebDriver.java:428)
at org.openqa.selenium.By$ByXPath.findElement(By.java:353)
at org.openqa.selenium.remote.RemoteWebDriver.findElement(RemoteWebDriver.java:315)
at org.openqa.selenium.support.ui.ExpectedConditions$6.apply(ExpectedConditions.java:182)
at org.openqa.selenium.support.ui.ExpectedConditions$6.apply(ExpectedConditions.java:179)
at org.openqa.selenium.support.ui.FluentWait.until(FluentWait.java:249)
... 30 more
]]>
    </failure>
  </testcase> <!-- BargraphIndustrySpeLowStatutory -->
  <testcase classname="cfo.Mgmt" name="RiskSummaryCriticalStatutory" time="147.62"/>
  <testcase classname="cfo.Mgmt" name="RiskSummaryHighStatutory" time="174.765"/>
  <testcase classname="cfo.Mgmt" name="RiskSummaryMediumStatutory" time="174.414"/>
  <testcase classname="cfo.Mgmt" name="RiskSummaryLowStatutory" time="184.257"/>
  <testcase classname="cfo.Mgmt" name="DepartmentSummaryHumanResourceStatutory" time="65.96"/>
  <testcase classname="cfo.Mgmt" name="NotCompleted_PieChartPeriod" time="222.305"/>
  <testcase classname="cfo.Mgmt" name="ClosedDelayed_PieChartPeriod" time="179.831"/>
  <testcase classname="cfo.Mgmt" name="ClosedTimely_PieChartPeriod" time="19.164"/>
  <testcase classname="cfo.Mgmt" name="NotApplicable_PieChartPeriod" time="24.792"/>
  <testcase classname="cfo.Mgmt" name="Overdue_PieChartPeriod" time="231.22"/>
  <testcase classname="cfo.Mgmt" name="dueToday_PieChartPeriod" time="172.01"/>
  <testcase classname="cfo.Mgmt" name="pendingForReview_PieChartPeriod" time="18.681"/>
  <testcase classname="cfo.Mgmt" name="inProgress_PieChartPeriod" time="17.289"/>
  <testcase classname="cfo.Mgmt" name="rejected_PieChartPeriod" time="22.208"/>
  <testcase classname="cfo.Mgmt" name="PenaltySummaryStatutory" time="113.399"/>
  <testcase classname="cfo.Mgmt" name="GradingReportStatutory" time="41.05"/>
  <testcase classname="cfo.Mgmt" name="complianceCalendar" time="71.202"/>
  <testcase classname="cfo.Mgmt" name="DailyUpdates" time="47.973"/>
  <testcase classname="cfo.Mgmt" name="NewsLetter" time="23.778"/>
  <testcase classname="cfo.Mgmt" name="StandardReportOverall" time="53.464"/>
  <testcase classname="cfo.Mgmt" name="StandardReportLocation" time="52.823"/>
  <testcase classname="cfo.Mgmt" name="StandardReportUser" time="52.647"/>
  <testcase classname="cfo.Mgmt" name="StandardReportCategory" time="53.995"/>
  <testcase classname="cfo.Mgmt" name="StandardReportRisk" time="53.93"/>
  <testcase classname="cfo.Mgmt" name="StandardReportDetailed" time="39.178"/>
  <testcase classname="cfo.Mgmt" name="StandardReportCriticalRisk" time="53.755"/>
  <testcase classname="cfo.Mgmt" name="StandardReportOverallIN" time="55.989"/>
  <testcase classname="cfo.Mgmt" name="StandardReportLocationIN" time="54.306"/>
  <testcase classname="cfo.Mgmt" name="StandardReportUserIn" time="55.891"/>
  <testcase classname="cfo.Mgmt" name="StandardReportCategoryIn" time="61.294"/>
  <testcase classname="cfo.Mgmt" name="StandardReportRiskIN" time="54.758"/>
  <testcase classname="cfo.Mgmt" name="StandardReportDetailedIN" time="46.797"/>
  <testcase classname="cfo.Mgmt" name="StandardReportCriticalRiskIN" time="54.678"/>
  <testcase classname="cfo.Mgmt" name="DetailedReport" time="95.794"/>
  <testcase classname="cfo.Mgmt" name="DetailedReportIn" time="103.478"/>
  <testcase classname="cfo.Mgmt" name="AssignmentReport" time="69.72"/>
  <testcase classname="cfo.Mgmt" name="UsageReport" time="103.039"/>
  <testcase classname="cfo.Mgmt" name="AuditReport" time="23.253"/>
  <testcase classname="cfo.Mgmt" name="ActRepository" time="25.43"/>
  <testcase classname="cfo.Mgmt" name="ComplianceDocuments" time="131.149"/>
  <testcase classname="cfo.Mgmt" name="ComplianceDocumentsIN" time="166.304"/>
  <testcase classname="cfo.Mgmt" name="CriticalDocuments" time="67.699"/>
  <testcase classname="cfo.Mgmt" name="ActDocuments" time="52.027"/>
  <testcase classname="cfo.Mgmt" name="MyNotifications" time="31.105"/>
  <testcase classname="cfo.Mgmt" name="InternalMsg" time="24.115"/>
  <testcase classname="cfo.Mgmt" name="SupportTicket" time="16.185"/>
  <testcase classname="cfo.Mgmt" name="DetailedReportReOpen" time="148.866">
    <failure type="org.openqa.selenium.TimeoutException" message="Expected condition failed: waiting for presence of element located by: By.xpath: //*[@id=&amp;apos;grid&amp;apos;]/div[2]/table/tbody/tr[1]/td/a[2] (tried for 120 second(s) with 500 milliseconds interval)">
      <![CDATA[org.openqa.selenium.TimeoutException: Expected condition failed: waiting for presence of element located by: By.xpath: //*[@id='grid']/div[2]/table/tbody/tr[1]/td/a[2] (tried for 120 second(s) with 500 milliseconds interval)
at org.openqa.selenium.support.ui.WebDriverWait.timeoutException(WebDriverWait.java:95)
at org.openqa.selenium.support.ui.FluentWait.until(FluentWait.java:272)
at cfo.CFOcountPOM.DetailedReportReOpen(CFOcountPOM.java:5977)
at cfo.Mgmt.DetailedReportReOpen(Mgmt.java:3699)
at java.base/jdk.internal.reflect.NativeMethodAccessorImpl.invoke0(Native Method)
at java.base/jdk.internal.reflect.NativeMethodAccessorImpl.invoke(NativeMethodAccessorImpl.java:77)
at java.base/jdk.internal.reflect.DelegatingMethodAccessorImpl.invoke(DelegatingMethodAccessorImpl.java:43)
at java.base/java.lang.reflect.Method.invoke(Method.java:568)
at org.testng.internal.MethodInvocationHelper.invokeMethod(MethodInvocationHelper.java:133)
at org.testng.internal.TestInvoker.invokeMethod(TestInvoker.java:598)
at org.testng.internal.TestInvoker.invokeTestMethod(TestInvoker.java:173)
at org.testng.internal.MethodRunner.runInSequence(MethodRunner.java:46)
at org.testng.internal.TestInvoker$MethodInvocationAgent.invoke(TestInvoker.java:824)
at org.testng.internal.TestInvoker.invokeTestMethods(TestInvoker.java:146)
at org.testng.internal.TestMethodWorker.invokeTestMethods(TestMethodWorker.java:146)
at org.testng.internal.TestMethodWorker.run(TestMethodWorker.java:128)
at java.base/java.util.ArrayList.forEach(ArrayList.java:1511)
at org.testng.TestRunner.privateRun(TestRunner.java:794)
at org.testng.TestRunner.run(TestRunner.java:596)
at org.testng.SuiteRunner.runTest(SuiteRunner.java:377)
at org.testng.SuiteRunner.runSequentially(SuiteRunner.java:371)
at org.testng.SuiteRunner.privateRun(SuiteRunner.java:332)
at org.testng.SuiteRunner.run(SuiteRunner.java:276)
at org.testng.SuiteRunnerWorker.runSuite(SuiteRunnerWorker.java:53)
at org.testng.SuiteRunnerWorker.run(SuiteRunnerWorker.java:96)
at org.testng.TestNG.runSuitesSequentially(TestNG.java:1212)
at org.testng.TestNG.runSuitesLocally(TestNG.java:1134)
at org.testng.TestNG.runSuites(TestNG.java:1063)
at org.testng.TestNG.run(TestNG.java:1031)
at org.testng.remote.AbstractRemoteTestNG.run(AbstractRemoteTestNG.java:115)
at org.testng.remote.RemoteTestNG.initAndRun(RemoteTestNG.java:251)
at org.testng.remote.RemoteTestNG.main(RemoteTestNG.java:77)
Caused by: org.openqa.selenium.NoSuchElementException: no such element: Unable to locate element: {"method":"xpath","selector":"//*[@id='grid']/div[2]/table/tbody/tr[1]/td/a[2]"}
  (Session info: chrome=114.0.5735.133)
For documentation on this error, please visit: http://seleniumhq.org/exceptions/no_such_element.html
Build info: version: '3.141.0', revision: '2ecb7d9a', time: '2018-10-31T20:09:30'
System info: host: 'DESKTOP-7MK4EF7', ip: '192.168.1.2', os.name: 'Windows 10', os.arch: 'amd64', os.version: '10.0', java.version: '17.0.5'
Driver info: org.openqa.selenium.chrome.ChromeDriver
Capabilities {acceptInsecureCerts: false, browserName: chrome, browserVersion: 114.0.5735.133, chrome: {chromedriverVersion: 113.0.5672.63 (0e1a4471d5ae..., userDataDir: C:\Users\Mayuri\AppData\Loc...}, goog:chromeOptions: {debuggerAddress: localhost:62830}, javascriptEnabled: true, networkConnectionEnabled: false, pageLoadStrategy: normal, platform: WINDOWS, platformName: WINDOWS, proxy: Proxy(), setWindowRect: true, strictFileInteractability: false, timeouts: {implicit: 0, pageLoad: 300000, script: 30000}, unhandledPromptBehavior: dismiss and notify, webauthn:extension:credBlob: true, webauthn:extension:largeBlob: true, webauthn:extension:minPinLength: true, webauthn:extension:prf: true, webauthn:virtualAuthenticators: true}
Session ID: 147bbae90cbb6cfc1d9ca5416e976b00
*** Element info: {Using=xpath, value=//*[@id='grid']/div[2]/table/tbody/tr[1]/td/a[2]}
at jdk.internal.reflect.GeneratedConstructorAccessor29.newInstance(Unknown Source)
at java.base/jdk.internal.reflect.DelegatingConstructorAccessorImpl.newInstance(DelegatingConstructorAccessorImpl.java:45)
at java.base/java.lang.reflect.Constructor.newInstanceWithCaller(Constructor.java:499)
at java.base/java.lang.reflect.Constructor.newInstance(Constructor.java:480)
at org.openqa.selenium.remote.http.W3CHttpResponseCodec.createException(W3CHttpResponseCodec.java:187)
at org.openqa.selenium.remote.http.W3CHttpResponseCodec.decode(W3CHttpResponseCodec.java:122)
at org.openqa.selenium.remote.http.W3CHttpResponseCodec.decode(W3CHttpResponseCodec.java:49)
at org.openqa.selenium.remote.HttpCommandExecutor.execute(HttpCommandExecutor.java:158)
at org.openqa.selenium.remote.service.DriverCommandExecutor.execute(DriverCommandExecutor.java:83)
at org.openqa.selenium.remote.RemoteWebDriver.execute(RemoteWebDriver.java:552)
at org.openqa.selenium.remote.RemoteWebDriver.findElement(RemoteWebDriver.java:323)
at org.openqa.selenium.remote.RemoteWebDriver.findElementByXPath(RemoteWebDriver.java:428)
at org.openqa.selenium.By$ByXPath.findElement(By.java:353)
at org.openqa.selenium.remote.RemoteWebDriver.findElement(RemoteWebDriver.java:315)
at org.openqa.selenium.support.ui.ExpectedConditions$6.apply(ExpectedConditions.java:182)
at org.openqa.selenium.support.ui.ExpectedConditions$6.apply(ExpectedConditions.java:179)
at org.openqa.selenium.support.ui.FluentWait.until(FluentWait.java:249)
... 30 more
]]>
    </failure>
  </testcase> <!-- DetailedReportReOpen -->
</testsuite> <!-- Default test -->
