<?xml version="1.0" encoding="UTF-8"?>
<!-- Generated by org.testng.reporters.JUnitReportReporter -->
<testsuite hostname="DESKTOP-7MK4EF7" failures="0" tests="65" name="cfo.Mgmt" time="8233.548" errors="2" timestamp="2023-06-16T00:26:19 IST" skipped="0">
  <testcase classname="cfo.Mgmt" name="CategoriesCountMatch" time="101.857"/>
  <system-out/>
  <testcase classname="cfo.Mgmt" name="CompliancesCountMatch" time="60.430"/>
  <system-out/>
  <testcase classname="cfo.Mgmt" name="UsersCountMatch" time="59.387"/>
  <system-out/>
  <testcase classname="cfo.Mgmt" name="clickPenaltyStatutory" time="76.991"/>
  <system-out/>
  <testcase classname="cfo.Mgmt" name="SummaryofOverdueCompliances" time="74.974"/>
  <system-out/>
  <testcase classname="cfo.Mgmt" name="NotCompleted_PieChart" time="237.129"/>
  <system-out/>
  <testcase classname="cfo.Mgmt" name="ClosedDelayed_PieChart" time="154.420"/>
  <system-out/>
  <testcase classname="cfo.Mgmt" name="ClosedTimely_PieChart" time="266.996"/>
  <system-out/>
  <testcase classname="cfo.Mgmt" name="NotApplicable_PieChart" time="97.703"/>
  <system-out/>
  <testcase classname="cfo.Mgmt" name="Overdue_PieChart" time="251.143"/>
  <system-out/>
  <testcase classname="cfo.Mgmt" name="dueToday_PieChart" time="197.635"/>
  <system-out/>
  <testcase classname="cfo.Mgmt" name="pendingForReview_PieChart" time="283.094"/>
  <system-out/>
  <testcase classname="cfo.Mgmt" name="inProgress_PieChart" time="164.482"/>
  <system-out/>
  <testcase classname="cfo.Mgmt" name="rejected_PieChart" time="234.543"/>
  <system-out/>
  <testcase classname="cfo.Mgmt" name="BargraphIndustrySpeCriticalStatutory" time="93.408"/>
  <system-out/>
  <testcase classname="cfo.Mgmt" name="BargraphIndustrySpeHighStatutory" time="175.462"/>
  <system-out/>
  <testcase classname="cfo.Mgmt" name="BargraphIndustrySpeMediumStatutory" time="166.599"/>
  <system-out/>
  <testcase classname="cfo.Mgmt" name="BargraphIndustrySpeLowStatutory" time="133.949">
    <error message="Expected condition failed: waiting for presence of element located by: By.xpath: //*[@id=&#039;grid&#039;]/div[3]/table/tbody/tr[3]/td[19]/a (tried for 60 second(s) with 500 milliseconds interval)" type="org.openqa.selenium.TimeoutException">
      <![CDATA[org.openqa.selenium.TimeoutException: Expected condition failed: waiting for presence of element located by: By.xpath: //*[@id='grid']/div[3]/table/tbody/tr[3]/td[19]/a (tried for 60 second(s) with 500 milliseconds interval)
at org.openqa.selenium.support.ui.WebDriverWait.timeoutException(WebDriverWait.java:95)
at org.openqa.selenium.support.ui.FluentWait.until(FluentWait.java:272)
at cfo.CFOcountPOM.BarGraphCount1(CFOcountPOM.java:4232)
at cfo.Mgmt.BargraphIndustrySpeLowStatutory(Mgmt.java:1525)
at java.base/jdk.internal.reflect.NativeMethodAccessorImpl.invoke0(Native Method)
at java.base/jdk.internal.reflect.NativeMethodAccessorImpl.invoke(NativeMethodAccessorImpl.java:77)
at java.base/jdk.internal.reflect.DelegatingMethodAccessorImpl.invoke(DelegatingMethodAccessorImpl.java:43)
at java.base/java.lang.reflect.Method.invoke(Method.java:568)
at org.testng.internal.MethodInvocationHelper.invokeMethod(MethodInvocationHelper.java:133)
at org.testng.internal.TestInvoker.invokeMethod(TestInvoker.java:598)
at org.testng.internal.TestInvoker.invokeTestMethod(TestInvoker.java:173)
at org.testng.internal.MethodRunner.runInSequence(MethodRunner.java:46)
at org.testng.internal.TestInvoker$MethodInvocationAgent.invoke(TestInvoker.java:824)
at org.testng.internal.TestInvoker.invokeTestMethods(TestInvoker.java:146)
at org.testng.internal.TestMethodWorker.invokeTestMethods(TestMethodWorker.java:146)
at org.testng.internal.TestMethodWorker.run(TestMethodWorker.java:128)
at java.base/java.util.ArrayList.forEach(ArrayList.java:1511)
at org.testng.TestRunner.privateRun(TestRunner.java:794)
at org.testng.TestRunner.run(TestRunner.java:596)
at org.testng.SuiteRunner.runTest(SuiteRunner.java:377)
at org.testng.SuiteRunner.runSequentially(SuiteRunner.java:371)
at org.testng.SuiteRunner.privateRun(SuiteRunner.java:332)
at org.testng.SuiteRunner.run(SuiteRunner.java:276)
at org.testng.SuiteRunnerWorker.runSuite(SuiteRunnerWorker.java:53)
at org.testng.SuiteRunnerWorker.run(SuiteRunnerWorker.java:96)
at org.testng.TestNG.runSuitesSequentially(TestNG.java:1212)
at org.testng.TestNG.runSuitesLocally(TestNG.java:1134)
at org.testng.TestNG.runSuites(TestNG.java:1063)
at org.testng.TestNG.run(TestNG.java:1031)
at org.testng.remote.AbstractRemoteTestNG.run(AbstractRemoteTestNG.java:115)
at org.testng.remote.RemoteTestNG.initAndRun(RemoteTestNG.java:251)
at org.testng.remote.RemoteTestNG.main(RemoteTestNG.java:77)
Caused by: org.openqa.selenium.NoSuchElementException: no such element: Unable to locate element: {"method":"xpath","selector":"//*[@id='grid']/div[3]/table/tbody/tr[3]/td[19]/a"}
  (Session info: chrome=114.0.5735.133)
For documentation on this error, please visit: http://seleniumhq.org/exceptions/no_such_element.html
Build info: version: '3.141.0', revision: '2ecb7d9a', time: '2018-10-31T20:09:30'
System info: host: 'DESKTOP-7MK4EF7', ip: '192.168.1.2', os.name: 'Windows 10', os.arch: 'amd64', os.version: '10.0', java.version: '17.0.5'
Driver info: org.openqa.selenium.chrome.ChromeDriver
Capabilities {acceptInsecureCerts: false, browserName: chrome, browserVersion: 114.0.5735.133, chrome: {chromedriverVersion: 113.0.5672.63 (0e1a4471d5ae..., userDataDir: C:\Users\Mayuri\AppData\Loc...}, goog:chromeOptions: {debuggerAddress: localhost:59304}, javascriptEnabled: true, networkConnectionEnabled: false, pageLoadStrategy: normal, platform: WINDOWS, platformName: WINDOWS, proxy: Proxy(), setWindowRect: true, strictFileInteractability: false, timeouts: {implicit: 0, pageLoad: 300000, script: 30000}, unhandledPromptBehavior: dismiss and notify, webauthn:extension:credBlob: true, webauthn:extension:largeBlob: true, webauthn:extension:minPinLength: true, webauthn:extension:prf: true, webauthn:virtualAuthenticators: true}
Session ID: d5676e77b0524773a8f2952c5c2a9a12
*** Element info: {Using=xpath, value=//*[@id='grid']/div[3]/table/tbody/tr[3]/td[19]/a}
at jdk.internal.reflect.GeneratedConstructorAccessor29.newInstance(Unknown Source)
at java.base/jdk.internal.reflect.DelegatingConstructorAccessorImpl.newInstance(DelegatingConstructorAccessorImpl.java:45)
at java.base/java.lang.reflect.Constructor.newInstanceWithCaller(Constructor.java:499)
at java.base/java.lang.reflect.Constructor.newInstance(Constructor.java:480)
at org.openqa.selenium.remote.http.W3CHttpResponseCodec.createException(W3CHttpResponseCodec.java:187)
at org.openqa.selenium.remote.http.W3CHttpResponseCodec.decode(W3CHttpResponseCodec.java:122)
at org.openqa.selenium.remote.http.W3CHttpResponseCodec.decode(W3CHttpResponseCodec.java:49)
at org.openqa.selenium.remote.HttpCommandExecutor.execute(HttpCommandExecutor.java:158)
at org.openqa.selenium.remote.service.DriverCommandExecutor.execute(DriverCommandExecutor.java:83)
at org.openqa.selenium.remote.RemoteWebDriver.execute(RemoteWebDriver.java:552)
at org.openqa.selenium.remote.RemoteWebDriver.findElement(RemoteWebDriver.java:323)
at org.openqa.selenium.remote.RemoteWebDriver.findElementByXPath(RemoteWebDriver.java:428)
at org.openqa.selenium.By$ByXPath.findElement(By.java:353)
at org.openqa.selenium.remote.RemoteWebDriver.findElement(RemoteWebDriver.java:315)
at org.openqa.selenium.support.ui.ExpectedConditions$6.apply(ExpectedConditions.java:182)
at org.openqa.selenium.support.ui.ExpectedConditions$6.apply(ExpectedConditions.java:179)
at org.openqa.selenium.support.ui.FluentWait.until(FluentWait.java:249)
... 30 more
]]>
    </error>
  </testcase> <!-- BargraphIndustrySpeLowStatutory -->
  <system-out/>
  <testcase classname="cfo.Mgmt" name="RiskSummaryCriticalStatutory" time="180.775"/>
  <system-out/>
  <testcase classname="cfo.Mgmt" name="RiskSummaryHighStatutory" time="320.767"/>
  <system-out/>
  <testcase classname="cfo.Mgmt" name="RiskSummaryMediumStatutory" time="206.620"/>
  <system-out/>
  <testcase classname="cfo.Mgmt" name="RiskSummaryLowStatutory" time="215.028"/>
  <system-out/>
  <testcase classname="cfo.Mgmt" name="DepartmentSummaryHumanResourceStatutory" time="97.980"/>
  <system-out/>
  <testcase classname="cfo.Mgmt" name="NotCompleted_PieChartPeriod" time="253.292"/>
  <system-out/>
  <testcase classname="cfo.Mgmt" name="ClosedDelayed_PieChartPeriod" time="210.544"/>
  <system-out/>
  <testcase classname="cfo.Mgmt" name="ClosedTimely_PieChartPeriod" time="51.541"/>
  <system-out/>
  <testcase classname="cfo.Mgmt" name="NotApplicable_PieChartPeriod" time="55.987"/>
  <system-out/>
  <testcase classname="cfo.Mgmt" name="Overdue_PieChartPeriod" time="263.018"/>
  <system-out/>
  <testcase classname="cfo.Mgmt" name="dueToday_PieChartPeriod" time="205.505"/>
  <system-out/>
  <testcase classname="cfo.Mgmt" name="pendingForReview_PieChartPeriod" time="51.370"/>
  <system-out/>
  <testcase classname="cfo.Mgmt" name="inProgress_PieChartPeriod" time="50.513"/>
  <system-out/>
  <testcase classname="cfo.Mgmt" name="rejected_PieChartPeriod" time="53.320"/>
  <system-out/>
  <testcase classname="cfo.Mgmt" name="PenaltySummaryStatutory" time="146.050"/>
  <system-out/>
  <testcase classname="cfo.Mgmt" name="GradingReportStatutory" time="73.546"/>
  <system-out/>
  <testcase classname="cfo.Mgmt" name="complianceCalendar" time="105.452"/>
  <system-out/>
  <testcase classname="cfo.Mgmt" name="DailyUpdates" time="78.032"/>
  <system-out/>
  <testcase classname="cfo.Mgmt" name="NewsLetter" time="55.709"/>
  <system-out/>
  <testcase classname="cfo.Mgmt" name="StandardReportOverall" time="84.783"/>
  <system-out/>
  <testcase classname="cfo.Mgmt" name="StandardReportLocation" time="85.695"/>
  <system-out/>
  <testcase classname="cfo.Mgmt" name="StandardReportUser" time="89.036"/>
  <system-out/>
  <testcase classname="cfo.Mgmt" name="StandardReportCategory" time="86.726"/>
  <system-out/>
  <testcase classname="cfo.Mgmt" name="StandardReportRisk" time="87.797"/>
  <system-out/>
  <testcase classname="cfo.Mgmt" name="StandardReportDetailed" time="70.735"/>
  <system-out/>
  <testcase classname="cfo.Mgmt" name="StandardReportCriticalRisk" time="85.981"/>
  <system-out/>
  <testcase classname="cfo.Mgmt" name="StandardReportOverallIN" time="88.376"/>
  <system-out/>
  <testcase classname="cfo.Mgmt" name="StandardReportLocationIN" time="87.290"/>
  <system-out/>
  <testcase classname="cfo.Mgmt" name="StandardReportUserIn" time="89.552"/>
  <system-out/>
  <testcase classname="cfo.Mgmt" name="StandardReportCategoryIn" time="94.428"/>
  <system-out/>
  <testcase classname="cfo.Mgmt" name="StandardReportRiskIN" time="86.886"/>
  <system-out/>
  <testcase classname="cfo.Mgmt" name="StandardReportDetailedIN" time="78.721"/>
  <system-out/>
  <testcase classname="cfo.Mgmt" name="StandardReportCriticalRiskIN" time="90.047"/>
  <system-out/>
  <testcase classname="cfo.Mgmt" name="DetailedReport" time="129.357"/>
  <system-out/>
  <testcase classname="cfo.Mgmt" name="DetailedReportIn" time="133.981"/>
  <system-out/>
  <testcase classname="cfo.Mgmt" name="AssignmentReport" time="105.190"/>
  <system-out/>
  <testcase classname="cfo.Mgmt" name="UsageReport" time="136.233"/>
  <system-out/>
  <testcase classname="cfo.Mgmt" name="AuditReport" time="53.648"/>
  <system-out/>
  <testcase classname="cfo.Mgmt" name="ActRepository" time="57.830"/>
  <system-out/>
  <testcase classname="cfo.Mgmt" name="ComplianceDocuments" time="165.304"/>
  <system-out/>
  <testcase classname="cfo.Mgmt" name="ComplianceDocumentsIN" time="198.688"/>
  <system-out/>
  <testcase classname="cfo.Mgmt" name="CriticalDocuments" time="103.681"/>
  <system-out/>
  <testcase classname="cfo.Mgmt" name="ActDocuments" time="84.313"/>
  <system-out/>
  <testcase classname="cfo.Mgmt" name="MyNotifications" time="64.385"/>
  <system-out/>
  <testcase classname="cfo.Mgmt" name="InternalMsg" time="57.267"/>
  <system-out/>
  <testcase classname="cfo.Mgmt" name="SupportTicket" time="50.421"/>
  <system-out/>
  <testcase classname="cfo.Mgmt" name="DetailedReportReOpen" time="181.946">
    <error message="Expected condition failed: waiting for presence of element located by: By.xpath: //*[@id=&#039;grid&#039;]/div[2]/table/tbody/tr[1]/td/a[2] (tried for 120 second(s) with 500 milliseconds interval)" type="org.openqa.selenium.TimeoutException">
      <![CDATA[org.openqa.selenium.TimeoutException: Expected condition failed: waiting for presence of element located by: By.xpath: //*[@id='grid']/div[2]/table/tbody/tr[1]/td/a[2] (tried for 120 second(s) with 500 milliseconds interval)
at org.openqa.selenium.support.ui.WebDriverWait.timeoutException(WebDriverWait.java:95)
at org.openqa.selenium.support.ui.FluentWait.until(FluentWait.java:272)
at cfo.CFOcountPOM.DetailedReportReOpen(CFOcountPOM.java:5977)
at cfo.Mgmt.DetailedReportReOpen(Mgmt.java:3699)
at java.base/jdk.internal.reflect.NativeMethodAccessorImpl.invoke0(Native Method)
at java.base/jdk.internal.reflect.NativeMethodAccessorImpl.invoke(NativeMethodAccessorImpl.java:77)
at java.base/jdk.internal.reflect.DelegatingMethodAccessorImpl.invoke(DelegatingMethodAccessorImpl.java:43)
at java.base/java.lang.reflect.Method.invoke(Method.java:568)
at org.testng.internal.MethodInvocationHelper.invokeMethod(MethodInvocationHelper.java:133)
at org.testng.internal.TestInvoker.invokeMethod(TestInvoker.java:598)
at org.testng.internal.TestInvoker.invokeTestMethod(TestInvoker.java:173)
at org.testng.internal.MethodRunner.runInSequence(MethodRunner.java:46)
at org.testng.internal.TestInvoker$MethodInvocationAgent.invoke(TestInvoker.java:824)
at org.testng.internal.TestInvoker.invokeTestMethods(TestInvoker.java:146)
at org.testng.internal.TestMethodWorker.invokeTestMethods(TestMethodWorker.java:146)
at org.testng.internal.TestMethodWorker.run(TestMethodWorker.java:128)
at java.base/java.util.ArrayList.forEach(ArrayList.java:1511)
at org.testng.TestRunner.privateRun(TestRunner.java:794)
at org.testng.TestRunner.run(TestRunner.java:596)
at org.testng.SuiteRunner.runTest(SuiteRunner.java:377)
at org.testng.SuiteRunner.runSequentially(SuiteRunner.java:371)
at org.testng.SuiteRunner.privateRun(SuiteRunner.java:332)
at org.testng.SuiteRunner.run(SuiteRunner.java:276)
at org.testng.SuiteRunnerWorker.runSuite(SuiteRunnerWorker.java:53)
at org.testng.SuiteRunnerWorker.run(SuiteRunnerWorker.java:96)
at org.testng.TestNG.runSuitesSequentially(TestNG.java:1212)
at org.testng.TestNG.runSuitesLocally(TestNG.java:1134)
at org.testng.TestNG.runSuites(TestNG.java:1063)
at org.testng.TestNG.run(TestNG.java:1031)
at org.testng.remote.AbstractRemoteTestNG.run(AbstractRemoteTestNG.java:115)
at org.testng.remote.RemoteTestNG.initAndRun(RemoteTestNG.java:251)
at org.testng.remote.RemoteTestNG.main(RemoteTestNG.java:77)
Caused by: org.openqa.selenium.NoSuchElementException: no such element: Unable to locate element: {"method":"xpath","selector":"//*[@id='grid']/div[2]/table/tbody/tr[1]/td/a[2]"}
  (Session info: chrome=114.0.5735.133)
For documentation on this error, please visit: http://seleniumhq.org/exceptions/no_such_element.html
Build info: version: '3.141.0', revision: '2ecb7d9a', time: '2018-10-31T20:09:30'
System info: host: 'DESKTOP-7MK4EF7', ip: '192.168.1.2', os.name: 'Windows 10', os.arch: 'amd64', os.version: '10.0', java.version: '17.0.5'
Driver info: org.openqa.selenium.chrome.ChromeDriver
Capabilities {acceptInsecureCerts: false, browserName: chrome, browserVersion: 114.0.5735.133, chrome: {chromedriverVersion: 113.0.5672.63 (0e1a4471d5ae..., userDataDir: C:\Users\Mayuri\AppData\Loc...}, goog:chromeOptions: {debuggerAddress: localhost:62830}, javascriptEnabled: true, networkConnectionEnabled: false, pageLoadStrategy: normal, platform: WINDOWS, platformName: WINDOWS, proxy: Proxy(), setWindowRect: true, strictFileInteractability: false, timeouts: {implicit: 0, pageLoad: 300000, script: 30000}, unhandledPromptBehavior: dismiss and notify, webauthn:extension:credBlob: true, webauthn:extension:largeBlob: true, webauthn:extension:minPinLength: true, webauthn:extension:prf: true, webauthn:virtualAuthenticators: true}
Session ID: 147bbae90cbb6cfc1d9ca5416e976b00
*** Element info: {Using=xpath, value=//*[@id='grid']/div[2]/table/tbody/tr[1]/td/a[2]}
at jdk.internal.reflect.GeneratedConstructorAccessor29.newInstance(Unknown Source)
at java.base/jdk.internal.reflect.DelegatingConstructorAccessorImpl.newInstance(DelegatingConstructorAccessorImpl.java:45)
at java.base/java.lang.reflect.Constructor.newInstanceWithCaller(Constructor.java:499)
at java.base/java.lang.reflect.Constructor.newInstance(Constructor.java:480)
at org.openqa.selenium.remote.http.W3CHttpResponseCodec.createException(W3CHttpResponseCodec.java:187)
at org.openqa.selenium.remote.http.W3CHttpResponseCodec.decode(W3CHttpResponseCodec.java:122)
at org.openqa.selenium.remote.http.W3CHttpResponseCodec.decode(W3CHttpResponseCodec.java:49)
at org.openqa.selenium.remote.HttpCommandExecutor.execute(HttpCommandExecutor.java:158)
at org.openqa.selenium.remote.service.DriverCommandExecutor.execute(DriverCommandExecutor.java:83)
at org.openqa.selenium.remote.RemoteWebDriver.execute(RemoteWebDriver.java:552)
at org.openqa.selenium.remote.RemoteWebDriver.findElement(RemoteWebDriver.java:323)
at org.openqa.selenium.remote.RemoteWebDriver.findElementByXPath(RemoteWebDriver.java:428)
at org.openqa.selenium.By$ByXPath.findElement(By.java:353)
at org.openqa.selenium.remote.RemoteWebDriver.findElement(RemoteWebDriver.java:315)
at org.openqa.selenium.support.ui.ExpectedConditions$6.apply(ExpectedConditions.java:182)
at org.openqa.selenium.support.ui.ExpectedConditions$6.apply(ExpectedConditions.java:179)
at org.openqa.selenium.support.ui.FluentWait.until(FluentWait.java:249)
... 30 more
]]>
    </error>
  </testcase> <!-- DetailedReportReOpen -->
  <system-out/>
</testsuite> <!-- cfo.Mgmt -->
